<?xml version="1.0" encoding="UTF-8"?>
<!-- Generated by org.testng.reporters.JUnitReportReporter -->
<testsuite hostname="Mostafa" failures="0" tests="1" name="bank.TestCases.TC_Login001" time="0.892" errors="0" timestamp="2022-12-08T11:38:49 MST" skipped="0">
  <testcase classname="bank.TestCases.TC_Login001" name="loginTest" time="0.892"/>
  <system-out/>
</testsuite> <!-- bank.TestCases.TC_Login001 -->
